# JRE version: OpenJDK Runtime Environment (11.0.10) (build 11.0.10+0-b96-7249189)
# Java VM: OpenJDK 64-Bit Server VM (11.0.10+0-b96-7249189, mixed mode, tiered, compressed oops, g1 gc, windows-amd64)
Heap:
 garbage-first heap   total 196608K, used 137682K [0x0000000080000000, 0x0000000100000000)
  region size 1024K, 87 young (89088K), 12 survivors (12288K)
 Metaspace       used 80675K, capacity 82654K, committed 82812K, reserved 1120256K
  class space    used 10490K, capacity 11201K, committed 11264K, reserved 1048576K
GC Heap History (20 events):
Event: 3.719 GC heap before
{Heap before GC invocations=2 (full 0):
 garbage-first heap   total 196608K, used 39150K [0x0000000080000000, 0x0000000100000000)
  region size 1024K, 31 young (31744K), 2 survivors (2048K)
 Metaspace       used 10763K, capacity 11007K, committed 11264K, reserved 1058816K
  class space    used 1125K, capacity 1206K, committed 1280K, reserved 1048576K
}
Event: 3.723 GC heap after
{Heap after GC invocations=3 (full 0):
 garbage-first heap   total 196608K, used 11670K [0x0000000080000000, 0x0000000100000000)
  region size 1024K, 4 young (4096K), 4 survivors (4096K)
 Metaspace       used 10763K, capacity 11007K, committed 11264K, reserved 1058816K
  class space    used 1125K, capacity 1206K, committed 1280K, reserved 1048576K
}
Event: 6.942 GC heap before
{Heap before GC invocations=3 (full 0):
 garbage-first heap   total 196608K, used 72086K [0x0000000080000000, 0x0000000100000000)
  region size 1024K, 63 young (64512K), 4 survivors (4096K)
 Metaspace       used 19892K, capacity 20359K, committed 20480K, reserved 1067008K
  class space    used 2414K, capacity 2547K, committed 2560K, reserved 1048576K
}
Event: 6.952 GC heap after
{Heap after GC invocations=4 (full 0):
 garbage-first heap   total 196608K, used 16384K [0x0000000080000000, 0x0000000100000000)
  region size 1024K, 8 young (8192K), 8 survivors (8192K)
 Metaspace       used 19892K, capacity 20359K, committed 20480K, reserved 1067008K
  class space    used 2414K, capacity 2547K, committed 2560K, reserved 1048576K
}
Event: 7.086 GC heap before
{Heap before GC invocations=4 (full 0):
 garbage-first heap   total 196608K, used 20480K [0x0000000080000000, 0x0000000100000000)
  region size 1024K, 13 young (13312K), 8 survivors (8192K)
 Metaspace       used 20624K, capacity 21154K, committed 21296K, reserved 1069056K
  class space    used 2513K, capacity 2688K, committed 2688K, reserved 1048576K
}
Event: 7.095 GC heap after
{Heap after GC invocations=5 (full 0):
 garbage-first heap   total 196608K, used 16889K [0x0000000080000000, 0x0000000100000000)
  region size 1024K, 6 young (6144K), 6 survivors (6144K)
 Metaspace       used 20624K, capacity 21154K, committed 21296K, reserved 1069056K
  class space    used 2513K, capacity 2688K, committed 2688K, reserved 1048576K
}
Event: 8.493 GC heap before
{Heap before GC invocations=6 (full 0):
 garbage-first heap   total 196608K, used 70137K [0x0000000080000000, 0x0000000100000000)
  region size 1024K, 58 young (59392K), 6 survivors (6144K)
 Metaspace       used 25914K, capacity 26489K, committed 26672K, reserved 1073152K
  class space    used 3389K, capacity 3599K, committed 3712K, reserved 1048576K
}
Event: 8.502 GC heap after
{Heap after GC invocations=7 (full 0):
 garbage-first heap   total 196608K, used 18762K [0x0000000080000000, 0x0000000100000000)
  region size 1024K, 3 young (3072K), 3 survivors (3072K)
 Metaspace       used 25914K, capacity 26489K, committed 26672K, reserved 1073152K
  class space    used 3389K, capacity 3599K, committed 3712K, reserved 1048576K
}
Event: 10.938 GC heap before
{Heap before GC invocations=7 (full 0):
 garbage-first heap   total 196608K, used 74058K [0x0000000080000000, 0x0000000100000000)
  region size 1024K, 59 young (60416K), 3 survivors (3072K)
 Metaspace       used 34822K, capacity 35610K, committed 35708K, reserved 1081344K
  class space    used 4531K, capacity 4832K, committed 4864K, reserved 1048576K
}
Event: 10.959 GC heap after
{Heap after GC invocations=8 (full 0):
 garbage-first heap   total 196608K, used 22351K [0x0000000080000000, 0x0000000100000000)
  region size 1024K, 6 young (6144K), 6 survivors (6144K)
 Metaspace       used 34822K, capacity 35610K, committed 35708K, reserved 1081344K
  class space    used 4531K, capacity 4832K, committed 4864K, reserved 1048576K
}
Event: 15.533 GC heap before
{Heap before GC invocations=9 (full 0):
 garbage-first heap   total 196608K, used 110415K [0x0000000080000000, 0x0000000100000000)
  region size 1024K, 89 young (91136K), 6 survivors (6144K)
 Metaspace       used 42376K, capacity 43439K, committed 43516K, reserved 1087488K
  class space    used 5375K, capacity 5746K, committed 5760K, reserved 1048576K
}
Event: 15.551 GC heap after
{Heap after GC invocations=10 (full 0):
 garbage-first heap   total 196608K, used 27399K [0x0000000080000000, 0x0000000100000000)
  region size 1024K, 11 young (11264K), 11 survivors (11264K)
 Metaspace       used 42376K, capacity 43439K, committed 43516K, reserved 1087488K
  class space    used 5375K, capacity 5746K, committed 5760K, reserved 1048576K
}
Event: 18.924 GC heap before
{Heap before GC invocations=10 (full 0):
 garbage-first heap   total 196608K, used 123655K [0x0000000080000000, 0x0000000100000000)
  region size 1024K, 98 young (100352K), 11 survivors (11264K)
 Metaspace       used 47307K, capacity 48590K, committed 48892K, reserved 1091584K
  class space    used 6017K, capacity 6433K, committed 6528K, reserved 1048576K
}
Event: 18.950 GC heap after
{Heap after GC invocations=11 (full 0):
 garbage-first heap   total 196608K, used 45065K [0x0000000080000000, 0x0000000100000000)
  region size 1024K, 13 young (13312K), 13 survivors (13312K)
 Metaspace       used 47307K, capacity 48590K, committed 48892K, reserved 1091584K
  class space    used 6017K, capacity 6433K, committed 6528K, reserved 1048576K
}
Event: 22.242 GC heap before
{Heap before GC invocations=11 (full 0):
 garbage-first heap   total 196608K, used 125961K [0x0000000080000000, 0x0000000100000000)
  region size 1024K, 93 young (95232K), 13 survivors (13312K)
 Metaspace       used 58165K, capacity 59766K, committed 59900K, reserved 1101824K
  class space    used 7378K, capacity 7943K, committed 8064K, reserved 1048576K
}
Event: 22.272 GC heap after
{Heap after GC invocations=12 (full 0):
 garbage-first heap   total 196608K, used 50201K [0x0000000080000000, 0x0000000100000000)
  region size 1024K, 5 young (5120K), 5 survivors (5120K)
 Metaspace       used 58165K, capacity 59766K, committed 59900K, reserved 1101824K
  class space    used 7378K, capacity 7943K, committed 8064K, reserved 1048576K
}
Event: 25.512 GC heap before
{Heap before GC invocations=13 (full 0):
 garbage-first heap   total 196608K, used 135193K [0x0000000080000000, 0x0000000100000000)
  region size 1024K, 88 young (90112K), 5 survivors (5120K)
 Metaspace       used 65909K, capacity 67506K, committed 67708K, reserved 1107968K
  class space    used 8344K, capacity 8926K, committed 8960K, reserved 1048576K
}
Event: 25.530 GC heap after
{Heap after GC invocations=14 (full 0):
 garbage-first heap   total 196608K, used 55604K [0x0000000080000000, 0x0000000100000000)
  region size 1024K, 10 young (10240K), 10 survivors (10240K)
 Metaspace       used 65909K, capacity 67506K, committed 67708K, reserved 1107968K
  class space    used 8344K, capacity 8926K, committed 8960K, reserved 1048576K
}
Event: 29.349 GC heap before
{Heap before GC invocations=14 (full 0):
 garbage-first heap   total 196608K, used 141620K [0x0000000080000000, 0x0000000100000000)
  region size 1024K, 94 young (96256K), 10 survivors (10240K)
 Metaspace       used 73307K, capacity 75141K, committed 75388K, reserved 1114112K
  class space    used 9477K, capacity 10142K, committed 10240K, reserved 1048576K
}
Event: 29.375 GC heap after
{Heap after GC invocations=15 (full 0):
 garbage-first heap   total 196608K, used 61906K [0x0000000080000000, 0x0000000100000000)
  region size 1024K, 12 young (12288K), 12 survivors (12288K)
 Metaspace       used 73307K, capacity 75141K, committed 75388K, reserved 1114112K
  class space    used 9477K, capacity 10142K, committed 10240K, reserved 1048576K
}

