# JRE version: OpenJDK Runtime Environment (11.0.10) (build 11.0.10+0-b96-7249189)
# Java VM: OpenJDK 64-Bit Server VM (11.0.10+0-b96-7249189, mixed mode, tiered, compressed oops, g1 gc, windows-amd64)
Heap:
 garbage-first heap   total 196608K, used 138529K [0x0000000080000000, 0x0000000100000000)
  region size 1024K, 39 young (39936K), 3 survivors (3072K)
 Metaspace       used 98158K, capacity 100384K, committed 100476K, reserved 1136640K
  class space    used 12446K, capacity 13251K, committed 13312K, reserved 1048576K
GC Heap History (20 events):
Event: 54.121 GC heap before
{Heap before GC invocations=16 (full 0):
 garbage-first heap   total 196608K, used 146715K [0x0000000080000000, 0x0000000100000000)
  region size 1024K, 84 young (86016K), 6 survivors (6144K)
 Metaspace       used 82535K, capacity 84659K, committed 84860K, reserved 1122304K
  class space    used 10690K, capacity 11459K, committed 11520K, reserved 1048576K
}
Event: 54.139 GC heap after
{Heap after GC invocations=17 (full 0):
 garbage-first heap   total 196608K, used 73126K [0x0000000080000000, 0x0000000100000000)
  region size 1024K, 11 young (11264K), 11 survivors (11264K)
 Metaspace       used 82535K, capacity 84659K, committed 84860K, reserved 1122304K
  class space    used 10690K, capacity 11459K, committed 11520K, reserved 1048576K
}
Event: 56.420 GC heap before
{Heap before GC invocations=17 (full 0):
 garbage-first heap   total 196608K, used 151974K [0x0000000080000000, 0x0000000100000000)
  region size 1024K, 87 young (89088K), 11 survivors (11264K)
 Metaspace       used 86903K, capacity 88977K, committed 89212K, reserved 1126400K
  class space    used 11174K, capacity 11954K, committed 12032K, reserved 1048576K
}
Event: 56.452 GC heap after
{Heap after GC invocations=18 (full 0):
 garbage-first heap   total 196608K, used 89018K [0x0000000080000000, 0x0000000100000000)
  region size 1024K, 11 young (11264K), 11 survivors (11264K)
 Metaspace       used 86903K, capacity 88977K, committed 89212K, reserved 1126400K
  class space    used 11174K, capacity 11954K, committed 12032K, reserved 1048576K
}
Event: 57.056 GC heap before
{Heap before GC invocations=18 (full 0):
 garbage-first heap   total 196608K, used 106426K [0x0000000080000000, 0x0000000100000000)
  region size 1024K, 20 young (20480K), 11 survivors (11264K)
 Metaspace       used 86971K, capacity 89041K, committed 89212K, reserved 1126400K
  class space    used 11175K, capacity 11954K, committed 12032K, reserved 1048576K
}
Event: 57.082 GC heap after
{Heap after GC invocations=19 (full 0):
 garbage-first heap   total 196608K, used 100352K [0x0000000080000000, 0x0000000100000000)
  region size 1024K, 7 young (7168K), 7 survivors (7168K)
 Metaspace       used 86971K, capacity 89041K, committed 89212K, reserved 1126400K
  class space    used 11175K, capacity 11954K, committed 12032K, reserved 1048576K
}
Event: 58.174 GC heap before
{Heap before GC invocations=20 (full 0):
 garbage-first heap   total 196608K, used 139264K [0x0000000080000000, 0x0000000100000000)
  region size 1024K, 39 young (39936K), 7 survivors (7168K)
 Metaspace       used 88978K, capacity 91137K, committed 91388K, reserved 1128448K
  class space    used 11367K, capacity 12146K, committed 12160K, reserved 1048576K
}
Event: 58.186 GC heap after
{Heap after GC invocations=21 (full 0):
 garbage-first heap   total 196608K, used 94473K [0x0000000080000000, 0x0000000100000000)
  region size 1024K, 3 young (3072K), 3 survivors (3072K)
 Metaspace       used 88978K, capacity 91137K, committed 91388K, reserved 1128448K
  class space    used 11367K, capacity 12146K, committed 12160K, reserved 1048576K
}
Event: 59.401 GC heap before
{Heap before GC invocations=22 (full 0):
 garbage-first heap   total 196608K, used 128777K [0x0000000080000000, 0x0000000100000000)
  region size 1024K, 43 young (44032K), 3 survivors (3072K)
 Metaspace       used 90295K, capacity 92387K, committed 92668K, reserved 1130496K
  class space    used 11513K, capacity 12294K, committed 12416K, reserved 1048576K
}
Event: 59.411 GC heap after
{Heap after GC invocations=23 (full 0):
 garbage-first heap   total 196608K, used 89240K [0x0000000080000000, 0x0000000100000000)
  region size 1024K, 5 young (5120K), 5 survivors (5120K)
 Metaspace       used 90295K, capacity 92387K, committed 92668K, reserved 1130496K
  class space    used 11513K, capacity 12294K, committed 12416K, reserved 1048576K
}
Event: 59.495 GC heap before
{Heap before GC invocations=23 (full 0):
 garbage-first heap   total 196608K, used 93336K [0x0000000080000000, 0x0000000100000000)
  region size 1024K, 9 young (9216K), 5 survivors (5120K)
 Metaspace       used 90533K, capacity 92697K, committed 92924K, reserved 1130496K
  class space    used 11533K, capacity 12340K, committed 12416K, reserved 1048576K
}
Event: 59.502 GC heap after
{Heap after GC invocations=24 (full 0):
 garbage-first heap   total 196608K, used 87785K [0x0000000080000000, 0x0000000100000000)
  region size 1024K, 1 young (1024K), 1 survivors (1024K)
 Metaspace       used 90533K, capacity 92697K, committed 92924K, reserved 1130496K
  class space    used 11533K, capacity 12340K, committed 12416K, reserved 1048576K
}
Event: 60.882 GC heap before
{Heap before GC invocations=24 (full 0):
 garbage-first heap   total 196608K, used 135913K [0x0000000080000000, 0x0000000100000000)
  region size 1024K, 49 young (50176K), 1 survivors (1024K)
 Metaspace       used 91927K, capacity 94047K, committed 94076K, reserved 1130496K
  class space    used 11727K, capacity 12532K, committed 12544K, reserved 1048576K
}
Event: 60.888 GC heap after
{Heap after GC invocations=25 (full 0):
 garbage-first heap   total 196608K, used 89252K [0x0000000080000000, 0x0000000100000000)
  region size 1024K, 3 young (3072K), 3 survivors (3072K)
 Metaspace       used 91927K, capacity 94047K, committed 94076K, reserved 1130496K
  class space    used 11727K, capacity 12532K, committed 12544K, reserved 1048576K
}
Event: 62.056 GC heap before
{Heap before GC invocations=25 (full 0):
 garbage-first heap   total 196608K, used 140452K [0x0000000080000000, 0x0000000100000000)
  region size 1024K, 54 young (55296K), 3 survivors (3072K)
 Metaspace       used 93401K, capacity 95630K, committed 95868K, reserved 1132544K
  class space    used 11906K, capacity 12695K, committed 12800K, reserved 1048576K
}
Event: 62.064 GC heap after
{Heap after GC invocations=26 (full 0):
 garbage-first heap   total 196608K, used 91127K [0x0000000080000000, 0x0000000100000000)
  region size 1024K, 4 young (4096K), 4 survivors (4096K)
 Metaspace       used 93401K, capacity 95630K, committed 95868K, reserved 1132544K
  class space    used 11906K, capacity 12695K, committed 12800K, reserved 1048576K
}
Event: 68.501 GC heap before
{Heap before GC invocations=26 (full 0):
 garbage-first heap   total 196608K, used 145399K [0x0000000080000000, 0x0000000100000000)
  region size 1024K, 58 young (59392K), 4 survivors (4096K)
 Metaspace       used 95074K, capacity 97327K, committed 97532K, reserved 1134592K
  class space    used 12080K, capacity 12877K, committed 12928K, reserved 1048576K
}
Event: 68.527 GC heap after
{Heap after GC invocations=27 (full 0):
 garbage-first heap   total 196608K, used 99387K [0x0000000080000000, 0x0000000100000000)
  region size 1024K, 8 young (8192K), 8 survivors (8192K)
 Metaspace       used 95074K, capacity 97327K, committed 97532K, reserved 1134592K
  class space    used 12080K, capacity 12877K, committed 12928K, reserved 1048576K
}
Event: 69.554 GC heap before
{Heap before GC invocations=27 (full 0):
 garbage-first heap   total 196608K, used 148539K [0x0000000080000000, 0x0000000100000000)
  region size 1024K, 57 young (58368K), 8 survivors (8192K)
 Metaspace       used 96373K, capacity 98553K, committed 98684K, reserved 1134592K
  class space    used 12217K, capacity 13008K, committed 13056K, reserved 1048576K
}
Event: 69.581 GC heap after
{Heap after GC invocations=28 (full 0):
 garbage-first heap   total 196608K, used 102689K [0x0000000080000000, 0x0000000100000000)
  region size 1024K, 3 young (3072K), 3 survivors (3072K)
 Metaspace       used 96373K, capacity 98553K, committed 98684K, reserved 1134592K
  class space    used 12217K, capacity 13008K, committed 13056K, reserved 1048576K
}

