# JRE version: OpenJDK Runtime Environment (11.0.10) (build 11.0.10+0-b96-7249189)
# Java VM: OpenJDK 64-Bit Server VM (11.0.10+0-b96-7249189, mixed mode, tiered, compressed oops, g1 gc, windows-amd64)
Heap:
 garbage-first heap   total 196608K, used 19230K [0x0000000080000000, 0x0000000100000000)
  region size 1024K, 3 young (3072K), 3 survivors (3072K)
 Metaspace       used 27212K, capacity 27805K, committed 27824K, reserved 1081344K
  class space    used 3588K, capacity 3825K, committed 3840K, reserved 1048576K
GC Heap History (14 events):
Event: 3.461 GC heap before
{Heap before GC invocations=0 (full 0):
 garbage-first heap   total 196608K, used 19456K [0x0000000080000000, 0x0000000100000000)
  region size 1024K, 14 young (14336K), 0 survivors (0K)
 Metaspace       used 6745K, capacity 6929K, committed 7168K, reserved 1056768K
  class space    used 582K, capacity 650K, committed 768K, reserved 1048576K
}
Event: 3.478 GC heap after
{Heap after GC invocations=1 (full 0):
 garbage-first heap   total 196608K, used 7883K [0x0000000080000000, 0x0000000100000000)
  region size 1024K, 2 young (2048K), 2 survivors (2048K)
 Metaspace       used 6745K, capacity 6929K, committed 7168K, reserved 1056768K
  class space    used 582K, capacity 650K, committed 768K, reserved 1048576K
}
Event: 4.430 GC heap before
{Heap before GC invocations=1 (full 0):
 garbage-first heap   total 196608K, used 19147K [0x0000000080000000, 0x0000000100000000)
  region size 1024K, 13 young (13312K), 2 survivors (2048K)
 Metaspace       used 9845K, capacity 10058K, committed 10112K, reserved 1058816K
  class space    used 1022K, capacity 1102K, committed 1152K, reserved 1048576K
}
Event: 4.432 GC heap after
{Heap after GC invocations=2 (full 0):
 garbage-first heap   total 196608K, used 9367K [0x0000000080000000, 0x0000000100000000)
  region size 1024K, 2 young (2048K), 2 survivors (2048K)
 Metaspace       used 9845K, capacity 10058K, committed 10112K, reserved 1058816K
  class space    used 1022K, capacity 1102K, committed 1152K, reserved 1048576K
}
Event: 5.847 GC heap before
{Heap before GC invocations=2 (full 0):
 garbage-first heap   total 196608K, used 38039K [0x0000000080000000, 0x0000000100000000)
  region size 1024K, 30 young (30720K), 2 survivors (2048K)
 Metaspace       used 10765K, capacity 11011K, committed 11264K, reserved 1058816K
  class space    used 1125K, capacity 1206K, committed 1280K, reserved 1048576K
}
Event: 5.851 GC heap after
{Heap after GC invocations=3 (full 0):
 garbage-first heap   total 196608K, used 12337K [0x0000000080000000, 0x0000000100000000)
  region size 1024K, 4 young (4096K), 4 survivors (4096K)
 Metaspace       used 10765K, capacity 11011K, committed 11264K, reserved 1058816K
  class space    used 1125K, capacity 1206K, committed 1280K, reserved 1048576K
}
Event: 11.345 GC heap before
{Heap before GC invocations=3 (full 0):
 garbage-first heap   total 196608K, used 68657K [0x0000000080000000, 0x0000000100000000)
  region size 1024K, 59 young (60416K), 4 survivors (4096K)
 Metaspace       used 19144K, capacity 19556K, committed 19712K, reserved 1067008K
  class space    used 2317K, capacity 2468K, committed 2560K, reserved 1048576K
}
Event: 11.354 GC heap after
{Heap after GC invocations=4 (full 0):
 garbage-first heap   total 196608K, used 16021K [0x0000000080000000, 0x0000000100000000)
  region size 1024K, 8 young (8192K), 8 survivors (8192K)
 Metaspace       used 19144K, capacity 19556K, committed 19712K, reserved 1067008K
  class space    used 2317K, capacity 2468K, committed 2560K, reserved 1048576K
}
Event: 11.723 GC heap before
{Heap before GC invocations=4 (full 0):
 garbage-first heap   total 196608K, used 26261K [0x0000000080000000, 0x0000000100000000)
  region size 1024K, 19 young (19456K), 8 survivors (8192K)
 Metaspace       used 20638K, capacity 21158K, committed 21296K, reserved 1069056K
  class space    used 2513K, capacity 2688K, committed 2688K, reserved 1048576K
}
Event: 11.734 GC heap after
{Heap after GC invocations=5 (full 0):
 garbage-first heap   total 196608K, used 16964K [0x0000000080000000, 0x0000000100000000)
  region size 1024K, 6 young (6144K), 6 survivors (6144K)
 Metaspace       used 20638K, capacity 21158K, committed 21296K, reserved 1069056K
  class space    used 2513K, capacity 2688K, committed 2688K, reserved 1048576K
}
Event: 15.394 GC heap before
{Heap before GC invocations=6 (full 0):
 garbage-first heap   total 196608K, used 77380K [0x0000000080000000, 0x0000000100000000)
  region size 1024K, 65 young (66560K), 6 survivors (6144K)
 Metaspace       used 26470K, capacity 27128K, committed 27312K, reserved 1073152K
  class space    used 3477K, capacity 3749K, committed 3840K, reserved 1048576K
}
Event: 15.408 GC heap after
{Heap after GC invocations=7 (full 0):
 garbage-first heap   total 196608K, used 18813K [0x0000000080000000, 0x0000000100000000)
  region size 1024K, 3 young (3072K), 3 survivors (3072K)
 Metaspace       used 26470K, capacity 27128K, committed 27312K, reserved 1073152K
  class space    used 3477K, capacity 3749K, committed 3840K, reserved 1048576K
}
Event: 15.588 GC heap before
{Heap before GC invocations=7 (full 0):
 garbage-first heap   total 196608K, used 27005K [0x0000000080000000, 0x0000000100000000)
  region size 1024K, 12 young (12288K), 3 survivors (3072K)
 Metaspace       used 27212K, capacity 27805K, committed 27824K, reserved 1079296K
  class space    used 3588K, capacity 3825K, committed 3840K, reserved 1048576K
}
Event: 15.599 GC heap after
{Heap after GC invocations=8 (full 0):
 garbage-first heap   total 196608K, used 19230K [0x0000000080000000, 0x0000000100000000)
  region size 1024K, 3 young (3072K), 3 survivors (3072K)
 Metaspace       used 27212K, capacity 27805K, committed 27824K, reserved 1079296K
  class space    used 3588K, capacity 3825K, committed 3840K, reserved 1048576K
}

